[debug] [2025-04-27T17:10:23.235Z] ----------------------------------------------------------------------
[debug] [2025-04-27T17:10:23.240Z] Command:       /nix/store/ixbb20farqh1f4fqbmsn6b1ixn8mc8ij-nodejs-20.18.1/bin/node /nix/store/984bjqzf7prsischdc86jmqbn4ha5yxd-firebase-tools-14.2.0/lib/node_modules/firebase-tools/lib/bin/firebase.js init hosting
[debug] [2025-04-27T17:10:23.241Z] CLI Version:   14.2.0
[debug] [2025-04-27T17:10:23.241Z] Platform:      linux
[debug] [2025-04-27T17:10:23.241Z] Node Version:  v20.18.1
[debug] [2025-04-27T17:10:23.242Z] Time:          Sun Apr 27 2025 17:10:23 GMT+0000 (Coordinated Universal Time)
[debug] [2025-04-27T17:10:23.242Z] ----------------------------------------------------------------------
[debug] 
[debug] [2025-04-27T17:10:23.250Z] >>> [apiv2][query] GET https://firebase-public.firebaseio.com/cli.json [none]
[debug] [2025-04-27T17:10:24.995Z] > command requires scopes: ["email","openid","https://www.googleapis.com/auth/cloudplatformprojects.readonly","https://www.googleapis.com/auth/firebase","https://www.googleapis.com/auth/cloud-platform"]
[debug] [2025-04-27T17:10:25.374Z] <<< [apiv2][status] GET https://firebase-public.firebaseio.com/cli.json 200
[debug] [2025-04-27T17:10:25.384Z] <<< [apiv2][body] GET https://firebase-public.firebaseio.com/cli.json {"cloudBuildErrorAfter":1594252800000,"cloudBuildWarnAfter":1590019200000,"defaultNode10After":1594252800000,"minVersion":"3.0.5","node8DeploysDisabledAfter":1613390400000,"node8RuntimeDisabledAfter":1615809600000,"node8WarnAfter":1600128000000}
[debug] [2025-04-27T17:10:36.240Z] Running auto auth
[info] 
     ######## #### ########  ######## ########     ###     ######  ########
     ##        ##  ##     ## ##       ##     ##  ##   ##  ##       ##
     ######    ##  ########  ######   ########  #########  ######  ######
     ##        ##  ##    ##  ##       ##     ## ##     ##       ## ##
     ##       #### ##     ## ######## ########  ##     ##  ######  ########

You're about to initialize a Firebase project in this directory:

  /home/user/website

Before we get started, keep in mind:

  * You are initializing within an existing Firebase project directory

[info] 
=== Project Setup
[info] 
[info] First, let's associate this project directory with a Firebase project.
[info] You can create multiple project aliases by running firebase use --add, 
[info] but for now we'll just set up a default project.
[info] 
[debug] [2025-04-27T17:10:36.270Z] Using project from CLI flag: hci-kaist-website
[debug] [2025-04-27T17:10:36.272Z] No OAuth tokens found
[debug] [2025-04-27T17:10:36.275Z] >>> [apiv2][query] GET https://firebase.googleapis.com/v1beta1/projects/hci-kaist-website [none]
[debug] [2025-04-27T17:10:36.675Z] <<< [apiv2][status] GET https://firebase.googleapis.com/v1beta1/projects/hci-kaist-website 403
[debug] [2025-04-27T17:10:36.675Z] <<< [apiv2][body] GET https://firebase.googleapis.com/v1beta1/projects/hci-kaist-website {"error":{"code":403,"message":"The caller does not have permission","status":"PERMISSION_DENIED"}}
[debug] [2025-04-27T17:10:36.677Z] Request to https://firebase.googleapis.com/v1beta1/projects/hci-kaist-website had HTTP Error: 403, The caller does not have permission
[debug] [2025-04-27T17:10:36.679Z] FirebaseError: Request to https://firebase.googleapis.com/v1beta1/projects/hci-kaist-website had HTTP Error: 403, The caller does not have permission
    at responseToError (/nix/store/984bjqzf7prsischdc86jmqbn4ha5yxd-firebase-tools-14.2.0/lib/node_modules/firebase-tools/lib/responseToError.js:52:12)
    at RetryOperation._fn (/nix/store/984bjqzf7prsischdc86jmqbn4ha5yxd-firebase-tools-14.2.0/lib/node_modules/firebase-tools/lib/apiv2.js:312:77)
    at process.processTicksAndRejections (node:internal/process/task_queues:95:5)
[error] 
[error] Error: Failed to get Firebase project hci-kaist-website. Please make sure the project exists and your account has permission to access it.
